<?xml version="1.0" encoding="UTF-8"?>
<!-- Generated by org.testng.reporters.JUnitReportReporter -->
<testsuite skipped="0" hostname="HariPriya-PC" name="com.dropbox.tests.DropBoxTests" tests="2" failures="0" timestamp="13 Dec 2018 18:25:24 GMT" time="62.336" errors="0">
  <testcase name="logindropbox" time="47.587" classname="com.dropbox.tests.DropBoxTests"/>
  <testcase name="verifyFileUpload" time="14.749" classname="com.dropbox.tests.DropBoxTests"/>
</testsuite> <!-- com.dropbox.tests.DropBoxTests -->
