<?xml version="1.0" encoding="UTF-8"?>
<!-- Generated by org.testng.reporters.JUnitReportReporter -->
<testsuite skipped="0" hostname="HariPriya-PC" name="com.amazon.tests.AmazonTests" tests="1" failures="0" timestamp="13 Dec 2018 18:25:24 GMT" time="21.166" errors="0">
  <testcase name="shopByItem" time="21.166" classname="com.amazon.tests.AmazonTests"/>
</testsuite> <!-- com.amazon.tests.AmazonTests -->
