<?xml version="1.0" encoding="UTF-8"?>
<!-- Generated by org.testng.reporters.JUnitReportReporter -->
<testsuite skipped="0" hostname="HariPriya-PC" name="com.makemytrip.tests.MakeMyTripTests" tests="1" failures="0" timestamp="13 Dec 2018 18:25:24 GMT" time="31.494" errors="0">
  <testcase name="signupTest" time="31.494" classname="com.makemytrip.tests.MakeMyTripTests"/>
</testsuite> <!-- com.makemytrip.tests.MakeMyTripTests -->
